# JRE version: Java(TM) SE Runtime Environment (17.0.10+11) (build 17.0.10+11-LTS-240)
# Java VM: Java HotSpot(TM) 64-Bit Server VM (17.0.10+11-LTS-240, mixed mode, sharing, tiered, compressed oops, compressed class ptrs, g1 gc, windows-amd64)
GC Precious Log:
 CPUs: 8 total, 8 available
 Memory: 7502M
 Large Page Support: Disabled
 NUMA Support: Disabled
 Compressed Oops: Enabled (32-bit)
 Heap Region Size: 1M
 Heap Min Capacity: 8M
 Heap Initial Capacity: 118M
 Heap Max Capacity: 2G
 Pre-touch: Disabled
 Parallel Workers: 8
 Concurrent Workers: 2
 Concurrent Refinement Workers: 8
 Periodic GC: Disabled
Heap:
 garbage-first heap   total 171008K, used 90064K [0x0000000080000000, 0x0000000100000000)
  region size 1024K, 4 young (4096K), 4 survivors (4096K)
 Metaspace       used 73949K, committed 74688K, reserved 491520K
  class space    used 9956K, committed 10304K, reserved 425984K
GC Heap History (20 events):
Event: 1207.554 GC heap after
{Heap after GC invocations=32 (full 0):
 garbage-first heap   total 115712K, used 53864K [0x0000000080000000, 0x0000000100000000)
  region size 1024K, 2 young (2048K), 2 survivors (2048K)
 Metaspace       used 58377K, committed 58944K, reserved 491520K
  class space    used 8093K, committed 8384K, reserved 425984K
}
Event: 1295.997 GC heap before
{Heap before GC invocations=32 (full 0):
 garbage-first heap   total 115712K, used 89704K [0x0000000080000000, 0x0000000100000000)
  region size 1024K, 37 young (37888K), 2 survivors (2048K)
 Metaspace       used 59085K, committed 59712K, reserved 491520K
  class space    used 8171K, committed 8448K, reserved 425984K
}
Event: 1296.209 GC heap after
{Heap after GC invocations=33 (full 0):
 garbage-first heap   total 115712K, used 55396K [0x0000000080000000, 0x0000000100000000)
  region size 1024K, 3 young (3072K), 3 survivors (3072K)
 Metaspace       used 59085K, committed 59712K, reserved 491520K
  class space    used 8171K, committed 8448K, reserved 425984K
}
Event: 1347.287 GC heap before
{Heap before GC invocations=34 (full 0):
 garbage-first heap   total 115712K, used 69732K [0x0000000080000000, 0x0000000100000000)
  region size 1024K, 18 young (18432K), 3 survivors (3072K)
 Metaspace       used 59124K, committed 59712K, reserved 491520K
  class space    used 8171K, committed 8448K, reserved 425984K
}
Event: 1347.414 GC heap after
{Heap after GC invocations=35 (full 0):
 garbage-first heap   total 115712K, used 55739K [0x0000000080000000, 0x0000000100000000)
  region size 1024K, 2 young (2048K), 2 survivors (2048K)
 Metaspace       used 59124K, committed 59712K, reserved 491520K
  class space    used 8171K, committed 8448K, reserved 425984K
}
Event: 1426.641 GC heap before
{Heap before GC invocations=35 (full 0):
 garbage-first heap   total 115712K, used 91579K [0x0000000080000000, 0x0000000100000000)
  region size 1024K, 38 young (38912K), 2 survivors (2048K)
 Metaspace       used 60499K, committed 61120K, reserved 491520K
  class space    used 8410K, committed 8704K, reserved 425984K
}
Event: 1426.763 GC heap after
{Heap after GC invocations=36 (full 0):
 garbage-first heap   total 115712K, used 56932K [0x0000000080000000, 0x0000000100000000)
  region size 1024K, 4 young (4096K), 4 survivors (4096K)
 Metaspace       used 60499K, committed 61120K, reserved 491520K
  class space    used 8410K, committed 8704K, reserved 425984K
}
Event: 1428.630 GC heap before
{Heap before GC invocations=37 (full 0):
 garbage-first heap   total 115712K, used 60004K [0x0000000080000000, 0x0000000100000000)
  region size 1024K, 7 young (7168K), 4 survivors (4096K)
 Metaspace       used 60703K, committed 61312K, reserved 491520K
  class space    used 8425K, committed 8704K, reserved 425984K
}
Event: 1428.685 GC heap after
{Heap after GC invocations=38 (full 0):
 garbage-first heap   total 115712K, used 57835K [0x0000000080000000, 0x0000000100000000)
  region size 1024K, 1 young (1024K), 1 survivors (1024K)
 Metaspace       used 60703K, committed 61312K, reserved 491520K
  class space    used 8425K, committed 8704K, reserved 425984K
}
Event: 1454.335 GC heap before
{Heap before GC invocations=38 (full 0):
 garbage-first heap   total 115712K, used 90603K [0x0000000080000000, 0x0000000100000000)
  region size 1024K, 34 young (34816K), 1 survivors (1024K)
 Metaspace       used 62792K, committed 63360K, reserved 491520K
  class space    used 8684K, committed 8960K, reserved 425984K
}
Event: 1454.421 GC heap after
{Heap after GC invocations=39 (full 0):
 garbage-first heap   total 171008K, used 59914K [0x0000000080000000, 0x0000000100000000)
  region size 1024K, 4 young (4096K), 4 survivors (4096K)
 Metaspace       used 62792K, committed 63360K, reserved 491520K
  class space    used 8684K, committed 8960K, reserved 425984K
}
Event: 1504.526 GC heap before
{Heap before GC invocations=40 (full 0):
 garbage-first heap   total 171008K, used 89610K [0x0000000080000000, 0x0000000100000000)
  region size 1024K, 34 young (34816K), 4 survivors (4096K)
 Metaspace       used 62835K, committed 63488K, reserved 491520K
  class space    used 8684K, committed 8960K, reserved 425984K
}
Event: 1504.632 GC heap after
{Heap after GC invocations=41 (full 0):
 garbage-first heap   total 171008K, used 61034K [0x0000000080000000, 0x0000000100000000)
  region size 1024K, 4 young (4096K), 4 survivors (4096K)
 Metaspace       used 62835K, committed 63488K, reserved 491520K
  class space    used 8684K, committed 8960K, reserved 425984K
}
Event: 1504.928 GC heap before
{Heap before GC invocations=41 (full 0):
 garbage-first heap   total 171008K, used 65130K [0x0000000080000000, 0x0000000100000000)
  region size 1024K, 8 young (8192K), 4 survivors (4096K)
 Metaspace       used 62857K, committed 63488K, reserved 491520K
  class space    used 8684K, committed 8960K, reserved 425984K
}
Event: 1504.961 GC heap after
{Heap after GC invocations=42 (full 0):
 garbage-first heap   total 171008K, used 62456K [0x0000000080000000, 0x0000000100000000)
  region size 1024K, 1 young (1024K), 1 survivors (1024K)
 Metaspace       used 62857K, committed 63488K, reserved 491520K
  class space    used 8684K, committed 8960K, reserved 425984K
}
Event: 1547.802 GC heap before
{Heap before GC invocations=42 (full 0):
 garbage-first heap   total 171008K, used 148472K [0x0000000080000000, 0x0000000100000000)
  region size 1024K, 72 young (73728K), 1 survivors (1024K)
 Metaspace       used 69805K, committed 70464K, reserved 491520K
  class space    used 9442K, committed 9792K, reserved 425984K
}
Event: 1549.023 GC heap after
{Heap after GC invocations=43 (full 0):
 garbage-first heap   total 171008K, used 86433K [0x0000000080000000, 0x0000000100000000)
  region size 1024K, 9 young (9216K), 9 survivors (9216K)
 Metaspace       used 69805K, committed 70464K, reserved 491520K
  class space    used 9442K, committed 9792K, reserved 425984K
}
Event: 1549.029 GC heap before
{Heap before GC invocations=43 (full 0):
 garbage-first heap   total 171008K, used 86433K [0x0000000080000000, 0x0000000100000000)
  region size 1024K, 10 young (10240K), 9 survivors (9216K)
 Metaspace       used 69805K, committed 70464K, reserved 491520K
  class space    used 9442K, committed 9792K, reserved 425984K
}
Event: 1549.113 GC heap after
{Heap after GC invocations=44 (full 0):
 garbage-first heap   total 171008K, used 86466K [0x0000000080000000, 0x0000000100000000)
  region size 1024K, 1 young (1024K), 1 survivors (1024K)
 Metaspace       used 69805K, committed 70464K, reserved 491520K
  class space    used 9442K, committed 9792K, reserved 425984K
}
Event: 1582.050 GC heap before
{Heap before GC invocations=45 (full 0):
 garbage-first heap   total 171008K, used 133570K [0x0000000080000000, 0x0000000100000000)
  region size 1024K, 46 young (47104K), 1 survivors (1024K)
 Metaspace       used 73949K, committed 74688K, reserved 491520K
  class space    used 9956K, committed 10304K, reserved 425984K
}

