# JRE version: Java(TM) SE Runtime Environment (17.0.10+11) (build 17.0.10+11-LTS-240)
# Java VM: Java HotSpot(TM) 64-Bit Server VM (17.0.10+11-LTS-240, mixed mode, sharing, tiered, compressed oops, compressed class ptrs, g1 gc, windows-amd64)
GC Precious Log:
 CPUs: 8 total, 8 available
 Memory: 7502M
 Large Page Support: Disabled
 NUMA Support: Disabled
 Compressed Oops: Enabled (32-bit)
 Heap Region Size: 1M
 Heap Min Capacity: 8M
 Heap Initial Capacity: 118M
 Heap Max Capacity: 2G
 Pre-touch: Disabled
 Parallel Workers: 8
 Concurrent Workers: 2
 Concurrent Refinement Workers: 8
 Periodic GC: Disabled
Heap:
 garbage-first heap   total 233472K, used 88652K [0x0000000080000000, 0x0000000100000000)
  region size 1024K, 6 young (6144K), 3 survivors (3072K)
 Metaspace       used 73806K, committed 74560K, reserved 491520K
  class space    used 10006K, committed 10368K, reserved 425984K
GC Heap History (20 events):
Event: 1553.535 GC heap before
{Heap before GC invocations=48 (full 0):
 garbage-first heap   total 194560K, used 73464K [0x0000000080000000, 0x0000000100000000)
  region size 1024K, 9 young (9216K), 1 survivors (1024K)
 Metaspace       used 63115K, committed 63744K, reserved 491520K
  class space    used 8695K, committed 8960K, reserved 425984K
}
Event: 1553.591 GC heap after
{Heap after GC invocations=49 (full 0):
 garbage-first heap   total 233472K, used 68211K [0x0000000080000000, 0x0000000100000000)
  region size 1024K, 2 young (2048K), 2 survivors (2048K)
 Metaspace       used 63115K, committed 63744K, reserved 491520K
  class space    used 8695K, committed 8960K, reserved 425984K
}
Event: 1569.734 GC heap before
{Heap before GC invocations=49 (full 0):
 garbage-first heap   total 233472K, used 80499K [0x0000000080000000, 0x0000000100000000)
  region size 1024K, 11 young (11264K), 2 survivors (2048K)
 Metaspace       used 64049K, committed 64640K, reserved 491520K
  class space    used 8815K, committed 9088K, reserved 425984K
}
Event: 1569.826 GC heap after
{Heap after GC invocations=50 (full 0):
 garbage-first heap   total 233472K, used 74172K [0x0000000080000000, 0x0000000100000000)
  region size 1024K, 2 young (2048K), 2 survivors (2048K)
 Metaspace       used 64049K, committed 64640K, reserved 491520K
  class space    used 8815K, committed 9088K, reserved 425984K
}
Event: 1608.119 GC heap before
{Heap before GC invocations=50 (full 0):
 garbage-first heap   total 233472K, used 83388K [0x0000000080000000, 0x0000000100000000)
  region size 1024K, 11 young (11264K), 2 survivors (2048K)
 Metaspace       used 65127K, committed 65792K, reserved 491520K
  class space    used 8953K, committed 9280K, reserved 425984K
}
Event: 1608.215 GC heap after
{Heap after GC invocations=51 (full 0):
 garbage-first heap   total 233472K, used 74457K [0x0000000080000000, 0x0000000100000000)
  region size 1024K, 1 young (1024K), 1 survivors (1024K)
 Metaspace       used 65127K, committed 65792K, reserved 491520K
  class space    used 8953K, committed 9280K, reserved 425984K
}
Event: 1629.226 GC heap before
{Heap before GC invocations=51 (full 0):
 garbage-first heap   total 233472K, used 83673K [0x0000000080000000, 0x0000000100000000)
  region size 1024K, 11 young (11264K), 1 survivors (1024K)
 Metaspace       used 66818K, committed 67584K, reserved 491520K
  class space    used 9112K, committed 9472K, reserved 425984K
}
Event: 1629.265 GC heap after
{Heap after GC invocations=52 (full 0):
 garbage-first heap   total 233472K, used 74766K [0x0000000080000000, 0x0000000100000000)
  region size 1024K, 1 young (1024K), 1 survivors (1024K)
 Metaspace       used 66818K, committed 67584K, reserved 491520K
  class space    used 9112K, committed 9472K, reserved 425984K
}
Event: 1646.267 GC heap before
{Heap before GC invocations=52 (full 0):
 garbage-first heap   total 233472K, used 86030K [0x0000000080000000, 0x0000000100000000)
  region size 1024K, 12 young (12288K), 1 survivors (1024K)
 Metaspace       used 68774K, committed 69504K, reserved 491520K
  class space    used 9340K, committed 9728K, reserved 425984K
}
Event: 1646.309 GC heap after
{Heap after GC invocations=53 (full 0):
 garbage-first heap   total 233472K, used 76279K [0x0000000080000000, 0x0000000100000000)
  region size 1024K, 2 young (2048K), 2 survivors (2048K)
 Metaspace       used 68774K, committed 69504K, reserved 491520K
  class space    used 9340K, committed 9728K, reserved 425984K
}
Event: 1649.737 GC heap before
{Heap before GC invocations=53 (full 0):
 garbage-first heap   total 233472K, used 89591K [0x0000000080000000, 0x0000000100000000)
  region size 1024K, 11 young (11264K), 2 survivors (2048K)
 Metaspace       used 68821K, committed 69568K, reserved 491520K
  class space    used 9346K, committed 9728K, reserved 425984K
}
Event: 1649.801 GC heap after
{Heap after GC invocations=54 (full 0):
 garbage-first heap   total 233472K, used 83459K [0x0000000080000000, 0x0000000100000000)
  region size 1024K, 2 young (2048K), 2 survivors (2048K)
 Metaspace       used 68821K, committed 69568K, reserved 491520K
  class space    used 9346K, committed 9728K, reserved 425984K
}
Event: 1654.359 GC heap before
{Heap before GC invocations=54 (full 0):
 garbage-first heap   total 233472K, used 93699K [0x0000000080000000, 0x0000000100000000)
  region size 1024K, 11 young (11264K), 2 survivors (2048K)
 Metaspace       used 69166K, committed 69888K, reserved 491520K
  class space    used 9411K, committed 9792K, reserved 425984K
}
Event: 1654.384 GC heap after
{Heap after GC invocations=55 (full 0):
 garbage-first heap   total 233472K, used 82469K [0x0000000080000000, 0x0000000100000000)
  region size 1024K, 1 young (1024K), 1 survivors (1024K)
 Metaspace       used 69166K, committed 69888K, reserved 491520K
  class space    used 9411K, committed 9792K, reserved 425984K
}
Event: 1663.557 GC heap before
{Heap before GC invocations=55 (full 0):
 garbage-first heap   total 233472K, used 93733K [0x0000000080000000, 0x0000000100000000)
  region size 1024K, 13 young (13312K), 1 survivors (1024K)
 Metaspace       used 70361K, committed 71104K, reserved 491520K
  class space    used 9552K, committed 9920K, reserved 425984K
}
Event: 1663.604 GC heap after
{Heap after GC invocations=56 (full 0):
 garbage-first heap   total 233472K, used 84053K [0x0000000080000000, 0x0000000100000000)
  region size 1024K, 2 young (2048K), 2 survivors (2048K)
 Metaspace       used 70361K, committed 71104K, reserved 491520K
  class space    used 9552K, committed 9920K, reserved 425984K
}
Event: 1668.909 GC heap before
{Heap before GC invocations=56 (full 0):
 garbage-first heap   total 233472K, used 97365K [0x0000000080000000, 0x0000000100000000)
  region size 1024K, 15 young (15360K), 2 survivors (2048K)
 Metaspace       used 71324K, committed 72128K, reserved 491520K
  class space    used 9667K, committed 10048K, reserved 425984K
}
Event: 1668.936 GC heap after
{Heap after GC invocations=57 (full 0):
 garbage-first heap   total 233472K, used 85479K [0x0000000080000000, 0x0000000100000000)
  region size 1024K, 2 young (2048K), 2 survivors (2048K)
 Metaspace       used 71324K, committed 72128K, reserved 491520K
  class space    used 9667K, committed 10048K, reserved 425984K
}
Event: 1688.450 GC heap before
{Heap before GC invocations=57 (full 0):
 garbage-first heap   total 233472K, used 113127K [0x0000000080000000, 0x0000000100000000)
  region size 1024K, 28 young (28672K), 2 survivors (2048K)
 Metaspace       used 73794K, committed 74560K, reserved 491520K
  class space    used 10005K, committed 10368K, reserved 425984K
}
Event: 1688.494 GC heap after
{Heap after GC invocations=58 (full 0):
 garbage-first heap   total 233472K, used 86604K [0x0000000080000000, 0x0000000100000000)
  region size 1024K, 3 young (3072K), 3 survivors (3072K)
 Metaspace       used 73794K, committed 74560K, reserved 491520K
  class space    used 10005K, committed 10368K, reserved 425984K
}

