# JRE version: Java(TM) SE Runtime Environment (17.0.10+11) (build 17.0.10+11-LTS-240)
# Java VM: Java HotSpot(TM) 64-Bit Server VM (17.0.10+11-LTS-240, mixed mode, sharing, tiered, compressed oops, compressed class ptrs, g1 gc, windows-amd64)
GC Precious Log:
 CPUs: 8 total, 8 available
 Memory: 7502M
 Large Page Support: Disabled
 NUMA Support: Disabled
 Compressed Oops: Enabled (32-bit)
 Heap Region Size: 1M
 Heap Min Capacity: 8M
 Heap Initial Capacity: 118M
 Heap Max Capacity: 2G
 Pre-touch: Disabled
 Parallel Workers: 8
 Concurrent Workers: 2
 Concurrent Refinement Workers: 8
 Periodic GC: Disabled
Heap:
 garbage-first heap   total 192512K, used 116349K [0x0000000080000000, 0x0000000100000000)
  region size 1024K, 33 young (33792K), 5 survivors (5120K)
 Metaspace       used 74742K, committed 75520K, reserved 557056K
  class space    used 10098K, committed 10432K, reserved 425984K
GC Heap History (20 events):
Event: 1487.560 GC heap before
{Heap before GC invocations=41 (full 0):
 garbage-first heap   total 99328K, used 82179K [0x0000000080000000, 0x0000000100000000)
  region size 1024K, 27 young (27648K), 4 survivors (4096K)
 Metaspace       used 62845K, committed 63488K, reserved 491520K
  class space    used 8688K, committed 8960K, reserved 425984K
}
Event: 1487.695 GC heap after
{Heap after GC invocations=42 (full 0):
 garbage-first heap   total 99328K, used 60898K [0x0000000080000000, 0x0000000100000000)
  region size 1024K, 2 young (2048K), 2 survivors (2048K)
 Metaspace       used 62845K, committed 63488K, reserved 491520K
  class space    used 8688K, committed 8960K, reserved 425984K
}
Event: 1502.653 GC heap before
{Heap before GC invocations=43 (full 0):
 garbage-first heap   total 111616K, used 82402K [0x0000000080000000, 0x0000000100000000)
  region size 1024K, 24 young (24576K), 2 survivors (2048K)
 Metaspace       used 62915K, committed 63552K, reserved 491520K
  class space    used 8688K, committed 8960K, reserved 425984K
}
Event: 1502.710 GC heap after
{Heap after GC invocations=44 (full 0):
 garbage-first heap   total 111616K, used 64860K [0x0000000080000000, 0x0000000100000000)
  region size 1024K, 3 young (3072K), 3 survivors (3072K)
 Metaspace       used 62915K, committed 63552K, reserved 491520K
  class space    used 8688K, committed 8960K, reserved 425984K
}
Event: 1503.048 GC heap before
{Heap before GC invocations=44 (full 0):
 garbage-first heap   total 111616K, used 65884K [0x0000000080000000, 0x0000000100000000)
  region size 1024K, 5 young (5120K), 3 survivors (3072K)
 Metaspace       used 62930K, committed 63552K, reserved 491520K
  class space    used 8688K, committed 8960K, reserved 425984K
}
Event: 1503.082 GC heap after
{Heap after GC invocations=45 (full 0):
 garbage-first heap   total 111616K, used 65629K [0x0000000080000000, 0x0000000100000000)
  region size 1024K, 1 young (1024K), 1 survivors (1024K)
 Metaspace       used 62930K, committed 63552K, reserved 491520K
  class space    used 8688K, committed 8960K, reserved 425984K
}
Event: 1540.065 GC heap before
{Heap before GC invocations=45 (full 0):
 garbage-first heap   total 111616K, used 72797K [0x0000000080000000, 0x0000000100000000)
  region size 1024K, 9 young (9216K), 1 survivors (1024K)
 Metaspace       used 62957K, committed 63552K, reserved 491520K
  class space    used 8690K, committed 8960K, reserved 425984K
}
Event: 1540.180 GC heap after
{Heap after GC invocations=46 (full 0):
 garbage-first heap   total 111616K, used 65110K [0x0000000080000000, 0x0000000100000000)
  region size 1024K, 1 young (1024K), 1 survivors (1024K)
 Metaspace       used 62957K, committed 63552K, reserved 491520K
  class space    used 8690K, committed 8960K, reserved 425984K
}
Event: 1609.102 GC heap before
{Heap before GC invocations=47 (full 0):
 garbage-first heap   total 111616K, used 96854K [0x0000000080000000, 0x0000000100000000)
  region size 1024K, 27 young (27648K), 1 survivors (1024K)
 Metaspace       used 65977K, committed 66624K, reserved 491520K
  class space    used 9024K, committed 9280K, reserved 425984K
}
Event: 1609.213 GC heap after
{Heap after GC invocations=48 (full 0):
 garbage-first heap   total 111616K, used 75527K [0x0000000080000000, 0x0000000100000000)
  region size 1024K, 4 young (4096K), 4 survivors (4096K)
 Metaspace       used 65977K, committed 66624K, reserved 491520K
  class space    used 9024K, committed 9280K, reserved 425984K
}
Event: 1610.444 GC heap before
{Heap before GC invocations=48 (full 0):
 garbage-first heap   total 111616K, used 76551K [0x0000000080000000, 0x0000000100000000)
  region size 1024K, 5 young (5120K), 4 survivors (4096K)
 Metaspace       used 66137K, committed 66816K, reserved 491520K
  class space    used 9041K, committed 9344K, reserved 425984K
}
Event: 1610.490 GC heap after
{Heap after GC invocations=49 (full 0):
 garbage-first heap   total 111616K, used 75523K [0x0000000080000000, 0x0000000100000000)
  region size 1024K, 1 young (1024K), 1 survivors (1024K)
 Metaspace       used 66137K, committed 66816K, reserved 491520K
  class space    used 9041K, committed 9344K, reserved 425984K
}
Event: 1617.095 GC heap before
{Heap before GC invocations=49 (full 0):
 garbage-first heap   total 111616K, used 84739K [0x0000000080000000, 0x0000000100000000)
  region size 1024K, 12 young (12288K), 1 survivors (1024K)
 Metaspace       used 67319K, committed 68032K, reserved 491520K
  class space    used 9167K, committed 9536K, reserved 425984K
}
Event: 1617.151 GC heap after
{Heap after GC invocations=50 (full 0):
 garbage-first heap   total 111616K, used 77780K [0x0000000080000000, 0x0000000100000000)
  region size 1024K, 3 young (3072K), 3 survivors (3072K)
 Metaspace       used 67319K, committed 68032K, reserved 491520K
  class space    used 9167K, committed 9536K, reserved 425984K
}
Event: 1626.088 GC heap before
{Heap before GC invocations=51 (full 0):
 garbage-first heap   total 137216K, used 94164K [0x0000000080000000, 0x0000000100000000)
  region size 1024K, 18 young (18432K), 3 survivors (3072K)
 Metaspace       used 69810K, committed 70528K, reserved 491520K
  class space    used 9445K, committed 9792K, reserved 425984K
}
Event: 1626.124 GC heap after
{Heap after GC invocations=52 (full 0):
 garbage-first heap   total 192512K, used 80552K [0x0000000080000000, 0x0000000100000000)
  region size 1024K, 3 young (3072K), 3 survivors (3072K)
 Metaspace       used 69810K, committed 70528K, reserved 491520K
  class space    used 9445K, committed 9792K, reserved 425984K
}
Event: 1626.642 GC heap before
{Heap before GC invocations=52 (full 0):
 garbage-first heap   total 192512K, used 88744K [0x0000000080000000, 0x0000000100000000)
  region size 1024K, 9 young (9216K), 3 survivors (3072K)
 Metaspace       used 69810K, committed 70528K, reserved 491520K
  class space    used 9445K, committed 9792K, reserved 425984K
}
Event: 1626.685 GC heap after
{Heap after GC invocations=53 (full 0):
 garbage-first heap   total 192512K, used 84851K [0x0000000080000000, 0x0000000100000000)
  region size 1024K, 2 young (2048K), 2 survivors (2048K)
 Metaspace       used 69810K, committed 70528K, reserved 491520K
  class space    used 9445K, committed 9792K, reserved 425984K
}
Event: 1659.478 GC heap before
{Heap before GC invocations=53 (full 0):
 garbage-first heap   total 192512K, used 138099K [0x0000000080000000, 0x0000000100000000)
  region size 1024K, 51 young (52224K), 2 survivors (2048K)
 Metaspace       used 74079K, committed 74816K, reserved 491520K
  class space    used 9968K, committed 10304K, reserved 425984K
}
Event: 1659.545 GC heap after
{Heap after GC invocations=54 (full 0):
 garbage-first heap   total 192512K, used 88701K [0x0000000080000000, 0x0000000100000000)
  region size 1024K, 5 young (5120K), 5 survivors (5120K)
 Metaspace       used 74079K, committed 74816K, reserved 491520K
  class space    used 9968K, committed 10304K, reserved 425984K
}

